2023-11-16 18:04:25,522 INFO o.s.b.StartupInfoLogger [main] Starting DemoApplication using Java 20.0.2 with PID 11172 (H:\Users\Alexey\Desktop\demo\demo\target\classes started by Alexey in H:\Users\Alexey\Desktop\demo)
2023-11-16 18:04:25,522 INFO o.s.b.StartupInfoLogger [main] Starting DemoApplication using Java 20.0.2 with PID 11172 (H:\Users\Alexey\Desktop\demo\demo\target\classes started by Alexey in H:\Users\Alexey\Desktop\demo)
2023-11-16 18:04:25,538 DEBUG o.s.b.StartupInfoLogger [main] Running with Spring Boot v3.1.5, Spring v6.0.13
2023-11-16 18:04:25,538 DEBUG o.s.b.StartupInfoLogger [main] Running with Spring Boot v3.1.5, Spring v6.0.13
2023-11-16 18:04:25,542 INFO o.s.b.SpringApplication [main] No active profile set, falling back to 1 default profile: "default"
2023-11-16 18:04:25,542 INFO o.s.b.SpringApplication [main] No active profile set, falling back to 1 default profile: "default"
2023-11-16 18:04:27,334 INFO o.s.b.w.e.t.TomcatWebServer [main] Tomcat initialized with port(s): 8080 (http)
2023-11-16 18:04:27,351 INFO o.a.j.l.DirectJDKLog [main] Initializing ProtocolHandler ["http-nio-8080"]
2023-11-16 18:04:27,357 INFO o.a.j.l.DirectJDKLog [main] Starting service [Tomcat]
2023-11-16 18:04:27,359 INFO o.a.j.l.DirectJDKLog [main] Starting Servlet engine: [Apache Tomcat/10.1.15]
2023-11-16 18:04:27,483 INFO o.a.j.l.DirectJDKLog [main] Initializing Spring embedded WebApplicationContext
2023-11-16 18:04:27,486 INFO o.s.b.w.s.c.ServletWebServerApplicationContext [main] Root WebApplicationContext: initialization completed in 1832 ms
2023-11-16 18:04:27,571 DEBUG o.s.w.f.GenericFilterBean [main] Filter 'loggingFilter' configured for use
2023-11-16 18:04:27,571 DEBUG o.s.w.f.GenericFilterBean [main] Filter 'loggingFilter' configured for use
2023-11-16 18:04:28,014 INFO o.a.j.l.DirectJDKLog [main] Starting ProtocolHandler ["http-nio-8080"]
2023-11-16 18:04:28,043 INFO o.s.b.w.e.t.TomcatWebServer [main] Tomcat started on port(s): 8080 (http) with context path ''
2023-11-16 18:04:28,055 INFO o.s.b.StartupInfoLogger [main] Started DemoApplication in 3.06 seconds (process running for 4.313)
2023-11-16 18:04:28,055 INFO o.s.b.StartupInfoLogger [main] Started DemoApplication in 3.06 seconds (process running for 4.313)
2023-11-16 18:04:47,145 INFO o.a.j.l.DirectJDKLog [http-nio-8080-exec-1] Initializing Spring DispatcherServlet 'dispatcherServlet'
2023-11-16 18:04:47,145 INFO o.s.w.s.FrameworkServlet [http-nio-8080-exec-1] Initializing Servlet 'dispatcherServlet'
2023-11-16 18:04:47,149 INFO o.s.w.s.FrameworkServlet [http-nio-8080-exec-1] Completed initialization in 3 ms
2023-11-16 18:04:47,507 INFO c.e.d.c.LoggingFilter [http-nio-8080-exec-1] request method: GET, request URI: /, response status: 200, request processing time: 350 ms
2023-11-16 18:04:47,507 INFO c.e.d.c.LoggingFilter [http-nio-8080-exec-1] request method: GET, request URI: /, response status: 200, request processing time: 350 ms
2023-11-16 18:04:47,607 INFO c.e.d.c.LoggingFilter [http-nio-8080-exec-3] request method: GET, request URI: /, response status: 200, request processing time: 4 ms
2023-11-16 18:04:47,607 INFO c.e.d.c.LoggingFilter [http-nio-8080-exec-3] request method: GET, request URI: /, response status: 200, request processing time: 4 ms
2023-11-16 18:04:47,977 INFO c.e.d.c.LoggingFilter [http-nio-8080-exec-2] request method: GET, request URI: /, response status: 200, request processing time: 2 ms
2023-11-16 18:04:47,977 INFO c.e.d.c.LoggingFilter [http-nio-8080-exec-2] request method: GET, request URI: /, response status: 200, request processing time: 2 ms
2023-11-16 18:04:48,529 INFO c.e.d.c.LoggingFilter [http-nio-8080-exec-4] request method: GET, request URI: /, response status: 200, request processing time: 2 ms
2023-11-16 18:04:48,529 INFO c.e.d.c.LoggingFilter [http-nio-8080-exec-4] request method: GET, request URI: /, response status: 200, request processing time: 2 ms
2023-11-16 18:04:48,810 INFO c.e.d.c.LoggingFilter [http-nio-8080-exec-5] request method: GET, request URI: /, response status: 200, request processing time: 1 ms
2023-11-16 18:04:48,810 INFO c.e.d.c.LoggingFilter [http-nio-8080-exec-5] request method: GET, request URI: /, response status: 200, request processing time: 1 ms
2023-11-16 18:04:49,041 INFO c.e.d.c.LoggingFilter [http-nio-8080-exec-6] request method: GET, request URI: /, response status: 200, request processing time: 2 ms
2023-11-16 18:04:49,041 INFO c.e.d.c.LoggingFilter [http-nio-8080-exec-6] request method: GET, request URI: /, response status: 200, request processing time: 2 ms
2023-11-16 18:04:49,225 INFO c.e.d.c.LoggingFilter [http-nio-8080-exec-7] request method: GET, request URI: /, response status: 200, request processing time: 2 ms
2023-11-16 18:04:49,225 INFO c.e.d.c.LoggingFilter [http-nio-8080-exec-7] request method: GET, request URI: /, response status: 200, request processing time: 2 ms
2023-11-16 18:04:49,442 INFO c.e.d.c.LoggingFilter [http-nio-8080-exec-8] request method: GET, request URI: /, response status: 200, request processing time: 2 ms
2023-11-16 18:04:49,442 INFO c.e.d.c.LoggingFilter [http-nio-8080-exec-8] request method: GET, request URI: /, response status: 200, request processing time: 2 ms
2023-11-16 18:04:49,625 INFO c.e.d.c.LoggingFilter [http-nio-8080-exec-9] request method: GET, request URI: /, response status: 200, request processing time: 2 ms
2023-11-16 18:04:49,625 INFO c.e.d.c.LoggingFilter [http-nio-8080-exec-9] request method: GET, request URI: /, response status: 200, request processing time: 2 ms
2023-11-16 18:04:49,842 INFO c.e.d.c.LoggingFilter [http-nio-8080-exec-10] request method: GET, request URI: /, response status: 200, request processing time: 2 ms
2023-11-16 18:04:49,842 INFO c.e.d.c.LoggingFilter [http-nio-8080-exec-10] request method: GET, request URI: /, response status: 200, request processing time: 2 ms
2023-11-16 18:04:50,045 INFO c.e.d.c.LoggingFilter [http-nio-8080-exec-1] request method: GET, request URI: /, response status: 200, request processing time: 2 ms
2023-11-16 18:04:50,045 INFO c.e.d.c.LoggingFilter [http-nio-8080-exec-1] request method: GET, request URI: /, response status: 200, request processing time: 2 ms
2023-11-16 18:04:50,219 INFO c.e.d.c.LoggingFilter [http-nio-8080-exec-3] request method: GET, request URI: /, response status: 200, request processing time: 4 ms
2023-11-16 18:04:50,219 INFO c.e.d.c.LoggingFilter [http-nio-8080-exec-3] request method: GET, request URI: /, response status: 200, request processing time: 4 ms
2023-11-16 18:04:50,393 INFO c.e.d.c.LoggingFilter [http-nio-8080-exec-2] request method: GET, request URI: /, response status: 200, request processing time: 2 ms
2023-11-16 18:04:50,393 INFO c.e.d.c.LoggingFilter [http-nio-8080-exec-2] request method: GET, request URI: /, response status: 200, request processing time: 2 ms
2023-11-16 18:04:50,577 INFO c.e.d.c.LoggingFilter [http-nio-8080-exec-4] request method: GET, request URI: /, response status: 200, request processing time: 1 ms
2023-11-16 18:04:50,577 INFO c.e.d.c.LoggingFilter [http-nio-8080-exec-4] request method: GET, request URI: /, response status: 200, request processing time: 1 ms
2023-11-16 18:04:50,770 INFO c.e.d.c.LoggingFilter [http-nio-8080-exec-5] request method: GET, request URI: /, response status: 200, request processing time: 3 ms
2023-11-16 18:04:50,770 INFO c.e.d.c.LoggingFilter [http-nio-8080-exec-5] request method: GET, request URI: /, response status: 200, request processing time: 3 ms
2023-11-16 18:04:50,970 INFO c.e.d.c.LoggingFilter [http-nio-8080-exec-6] request method: GET, request URI: /, response status: 200, request processing time: 3 ms
2023-11-16 18:04:50,970 INFO c.e.d.c.LoggingFilter [http-nio-8080-exec-6] request method: GET, request URI: /, response status: 200, request processing time: 3 ms
2023-11-16 18:04:51,139 INFO c.e.d.c.LoggingFilter [http-nio-8080-exec-7] request method: GET, request URI: /, response status: 200, request processing time: 3 ms
2023-11-16 18:04:51,139 INFO c.e.d.c.LoggingFilter [http-nio-8080-exec-7] request method: GET, request URI: /, response status: 200, request processing time: 3 ms
2023-11-16 18:04:51,329 INFO c.e.d.c.LoggingFilter [http-nio-8080-exec-8] request method: GET, request URI: /, response status: 200, request processing time: 1 ms
2023-11-16 18:04:51,329 INFO c.e.d.c.LoggingFilter [http-nio-8080-exec-8] request method: GET, request URI: /, response status: 200, request processing time: 1 ms
2023-11-16 18:04:51,512 INFO c.e.d.c.LoggingFilter [http-nio-8080-exec-9] request method: GET, request URI: /, response status: 200, request processing time: 2 ms
2023-11-16 18:04:51,512 INFO c.e.d.c.LoggingFilter [http-nio-8080-exec-9] request method: GET, request URI: /, response status: 200, request processing time: 2 ms
